+ export PYTHONPATH=./docs_src
+ PYTHONPATH=./docs_src
+ pytest -n auto --dist loadgroup tests scripts/tests/ --ignore=tests/test_tutorial
============================= test session starts ==============================
platform darwin -- Python 3.11.15, pytest-9.0.2, pluggy-1.6.0
codspeed: 4.3.0 (disabled, mode: walltime, callgraph: not supported, timer_resolution: 41.7ns)
rootdir: /Users/aleksei.kniazev/playground/fastapi-test/fastapi
configfile: pyproject.toml
plugins: anyio-4.12.1, codspeed-4.3.0, xdist-3.8.0, timeout-2.4.0, inline-snapshot-0.31.1, logfire-4.22.0, sugar-1.1.1, cov-7.0.0
timeout: 20.0s
timeout method: signal
timeout func_only: False
created: 10/10 workers
10 workers [1867 items]

.................................F.F.............F...F..FF.F..F..F..FF.. [  3%]
....F.F................................................................. [  7%]
.......................................F.......F.F.F.....F.......FFFF... [ 11%]
F..F.........F....F..................................................... [ 15%]
.........F...............................FF............................. [ 19%]
........................................................................ [ 23%]
...................FF.F.FFF....F........................................ [ 26%]
.................................................FFFF.F....FF..F....F... [ 30%]
F..F.F.FF..FFF.F....F....FFF.F....FFF.FF.F..F..F..F..F...F...F...FFF..FF [ 34%]
F....F..FFF........F....F..F......F.......F...FF..FF.F.F.F.F.FFF..F.FFF. [ 38%]
FFF.FF.F.FFFF......F...................FF..................F...F..F..... [ 42%]
.............F.....F..F.FF..F..FFF.FFF.FF.FF..F.FFFFF.F.....F...F...F... [ 46%]
...................F.F......F.F..FFF..F.FF.F.....FFF.FFFF..FFF..F.....FF [ 50%]
..FFF...FF..FFF......................................................... [ 53%]
.F........F...F..FFF..F.FF.FFF.FF....FF.FF.FF...F.F.F..FF...FF.F..FF.F.. [ 57%]
..F..........................................................F.F....FF.F [ 61%]
F......FF.FFFF..FFF.FF........F..FFF.FF.FF.FF.F..F...F............F..... [ 65%]
............F.................................F...F..F.F.F..FFF..F.FF.F. [ 69%]
F.FF..F.......F..F..FFFF...F...FF..FF.F..FF..F......................F... [ 73%]
......................................F.FF.F...FFF..FF..FF.F.F.FF.FFFF.. [ 77%]
.......F................................................................ [ 80%]
........................................................................ [ 84%]
.....................................F...FF...F..............FF......F.F [ 88%]
..FF.FF....FF..........................................F................ [ 92%]
..................F...F....F..FF...s...............F..F.F..........F.... [ 96%]
...................................................F...............      [100%]

══════════════════════════════════════════════════════════════════════════════════════════════════ inline-snapshot ═══════════════════════════════════════════════════════════════════════════════════════════════════
INFO: inline-snapshot was disabled because you used xdist. This means that tests with snapshots will continue to run, but snapshot(x) will only return x and inline-snapshot will not be able to fix snapshots or 
generate reports.


=================================== FAILURES ===================================
______________________________ test_call_invalid _______________________________
[gw2] darwin -- Python 3.11.15 /Users/aleksei.kniazev/playground/fastapi-test/fastapi/.venv/bin/python

    def test_call_invalid():
        response = client.post("/", json={"foo": {"bar": "baz"}})
>       assert response.status_code == 422
E       assert 400 == 422
E        +  where 400 = <Response [400 Bad Request]>.status_code

tests/test_additional_properties_bool.py:30: AssertionError
_________________ test_get[/unrelated-422-expected_response9] __________________
[gw2] darwin -- Python 3.11.15 /Users/aleksei.kniazev/playground/fastapi-test/fastapi/.venv/bin/python

path = '/unrelated', expected_status = 422
expected_response = {'detail': [{'input': None, 'loc': ['query', 'foo'], 'msg': 'Field required', 'type': 'missing'}]}

    @pytest.mark.parametrize(
        "path,expected_status,expected_response",
        [
            ("/default", 200, {"foo": "foo"}),
            ("/default?foo=bar", 200, {"foo": "bar"}),
            ("/required?foo=bar", 200, {"foo": "bar"}),
            ("/required", 422, foo_is_missing),
            ("/required?foo=", 422, foo_is_short),
            ("/multiple?foo=bar", 200, {"foo": "bar"}),
            ("/multiple", 422, foo_is_missing),
            ("/multiple?foo=", 422, foo_is_short),
            ("/unrelated?foo=bar", 200, {"foo": "bar"}),
            ("/unrelated", 422, foo_is_missing),
        ],
    )
    def test_get(path, expected_status, expected_response):
        response = client.get(path)
>       assert response.status_code == expected_status
E       assert 400 == 422
E        +  where 400 = <Response [400 Bad Request]>.status_code

tests/test_annotated.py:73: AssertionError
___________________ test_allow_inf_nan_param_false[-inf-422] ___________________
[gw4] darwin -- Python 3.11.15 /Users/aleksei.kniazev/playground/fastapi-test/fastapi/.venv/bin/python

value = '-inf', code = 422

    @pytest.mark.parametrize(
        "value,code",
        [
            ("-1", 200),
            ("inf", 422),
            ("-inf", 422),
            ("nan", 422),
            ("0", 200),
            ("342", 200),
        ],
    )
    def test_allow_inf_nan_param_false(value: str, code: int):
        response = client.post(f"/?y={value}")
>       assert response.status_code == code, response.text
E       AssertionError: {"detail":[{"type":"finite_number","loc":["query","y"],"msg":"Input should be a finite number","input":"-inf"}]}
E       assert 400 == 422
E        +  where 400 = <Response [400 Bad Request]>.status_code

tests/test_allow_inf_nan_in_enforcing.py:52: AssertionError
_______________________ test_allow_inf_nan_body[inf-422] _______________________
[gw5] darwin -- Python 3.11.15 /Users/aleksei.kniazev/playground/fastapi-test/fastapi/.venv/bin/python

value = 'inf', code = 422

    @pytest.mark.parametrize(
        "value,code",
        [
            ("-1", 200),
            ("inf", 422),
            ("-inf", 422),
            ("nan", 422),
            ("0", 200),
            ("342", 200),
        ],
    )
    def test_allow_inf_nan_body(value: str, code: int):
        response = client.post("/", json=value)
>       assert response.status_code == code, response.text
E       AssertionError: {"detail":[{"type":"finite_number","loc":["body"],"msg":"Input should be a finite number","input":"inf"}]}
E       assert 400 == 422
E        +  where 400 = <Response [400 Bad Request]>.status_code

tests/test_allow_inf_nan_in_enforcing.py:84: AssertionError
___________________ test_allow_inf_nan_param_false[inf-422] ____________________
[gw9] darwin -- Python 3.11.15 /Users/aleksei.kniazev/playground/fastapi-test/fastapi/.venv/bin/python

value = 'inf', code = 422

    @pytest.mark.parametrize(
        "value,code",
        [
            ("-1", 200),
            ("inf", 422),
            ("-inf", 422),
            ("nan", 422),
            ("0", 200),
            ("342", 200),
        ],
    )
    def test_allow_inf_nan_param_false(value: str, code: int):
        response = client.post(f"/?y={value}")
>       assert response.status_code == code, response.text
E       AssertionError: {"detail":[{"type":"finite_number","loc":["query","y"],"msg":"Input should be a finite number","input":"inf"}]}
E       assert 400 == 422
E        +  where 400 = <Response [400 Bad Request]>.status_code

tests/test_allow_inf_nan_in_enforcing.py:52: AssertionError
_______________ test_get[/required?foo=-422-expected_response4] ________________
[gw6] darwin -- Python 3.11.15 /Users/aleksei.kniazev/playground/fastapi-test/fastapi/.venv/bin/python

path = '/required?foo=', expected_status = 422
expected_response = {'detail': [{'ctx': {'min_length': 1}, 'input': '', 'loc': ['query', 'foo'], 'msg': 'String should have at least 1 character', ...}]}

    @pytest.mark.parametrize(
        "path,expected_status,expected_response",
        [
            ("/default", 200, {"foo": "foo"}),
            ("/default?foo=bar", 200, {"foo": "bar"}),
            ("/required?foo=bar", 200, {"foo": "bar"}),
            ("/required", 422, foo_is_missing),
            ("/required?foo=", 422, foo_is_short),
            ("/multiple?foo=bar", 200, {"foo": "bar"}),
            ("/multiple", 422, foo_is_missing),
            ("/multiple?foo=", 422, foo_is_short),
            ("/unrelated?foo=bar", 200, {"foo": "bar"}),
            ("/unrelated", 422, foo_is_missing),
        ],
    )
    def test_get(path, expected_status, expected_response):
        response = client.get(path)
>       assert response.status_code == expected_status
E       assert 400 == 422
E        +  where 400 = <Response [400 Bad Request]>.status_code

tests/test_annotated.py:73: AssertionError
_______________________ test_allow_inf_nan_body[nan-422] _______________________
[gw3] darwin -- Python 3.11.15 /Users/aleksei.kniazev/playground/fastapi-test/fastapi/.venv/bin/python

value = 'nan', code = 422

    @pytest.mark.parametrize(
        "value,code",
        [
            ("-1", 200),
            ("inf", 422),
            ("-inf", 422),
            ("nan", 422),
            ("0", 200),
            ("342", 200),
        ],
    )
    def test_allow_inf_nan_body(value: str, code: int):
        response = client.post("/", json=value)
>       assert response.status_code == code, response.text
E       AssertionError: {"detail":[{"type":"finite_number","loc":["body"],"msg":"Input should be a finite number","input":"nan"}]}
E       assert 400 == 422
E        +  where 400 = <Response [400 Bad Request]>.status_code

tests/test_allow_inf_nan_in_enforcing.py:84: AssertionError
______________________ test_allow_inf_nan_body[-inf-422] _______________________
[gw7] darwin -- Python 3.11.15 /Users/aleksei.kniazev/playground/fastapi-test/fastapi/.venv/bin/python

value = '-inf', code = 422

    @pytest.mark.parametrize(
        "value,code",
        [
            ("-1", 200),
            ("inf", 422),
            ("-inf", 422),
            ("nan", 422),
            ("0", 200),
            ("342", 200),
        ],
    )
    def test_allow_inf_nan_body(value: str, code: int):
        response = client.post("/", json=value)
>       assert response.status_code == code, response.text
E       AssertionError: {"detail":[{"type":"finite_number","loc":["body"],"msg":"Input should be a finite number","input":"-inf"}]}
E       assert 400 == 422
E        +  where 400 = <Response [400 Bad Request]>.status_code

tests/test_allow_inf_nan_in_enforcing.py:84: AssertionError
__________________ test_get[/multiple-422-expected_response6] __________________
[gw1] darwin -- Python 3.11.15 /Users/aleksei.kniazev/playground/fastapi-test/fastapi/.venv/bin/python

path = '/multiple', expected_status = 422
expected_response = {'detail': [{'input': None, 'loc': ['query', 'foo'], 'msg': 'Field required', 'type': 'missing'}]}

    @pytest.mark.parametrize(
        "path,expected_status,expected_response",
        [
            ("/default", 200, {"foo": "foo"}),
            ("/default?foo=bar", 200, {"foo": "bar"}),
            ("/required?foo=bar", 200, {"foo": "bar"}),
            ("/required", 422, foo_is_missing),
            ("/required?foo=", 422, foo_is_short),
            ("/multiple?foo=bar", 200, {"foo": "bar"}),
            ("/multiple", 422, foo_is_missing),
            ("/multiple?foo=", 422, foo_is_short),
            ("/unrelated?foo=bar", 200, {"foo": "bar"}),
            ("/unrelated", 422, foo_is_missing),
        ],
    )
    def test_get(path, expected_status, expected_response):
        response = client.get(path)
>       assert response.status_code == expected_status
E       assert 400 == 422
E        +  where 400 = <Response [400 Bad Request]>.status_code

tests/test_annotated.py:73: AssertionError
___________________ test_allow_inf_nan_param_false[nan-422] ____________________
[gw8] darwin -- Python 3.11.15 /Users/aleksei.kniazev/playground/fastapi-test/fastapi/.venv/bin/python

value = 'nan', code = 422

    @pytest.mark.parametrize(
        "value,code",
        [
            ("-1", 200),
            ("inf", 422),
            ("-inf", 422),
            ("nan", 422),
            ("0", 200),
            ("342", 200),
        ],
    )
    def test_allow_inf_nan_param_false(value: str, code: int):
        response = client.post(f"/?y={value}")
>       assert response.status_code == code, response.text
E       AssertionError: {"detail":[{"type":"finite_number","loc":["query","y"],"msg":"Input should be a finite number","input":"nan"}]}
E       assert 400 == 422
E        +  where 400 = <Response [400 Bad Request]>.status_code

tests/test_allow_inf_nan_in_enforcing.py:52: AssertionError
__________________ test_get[/required-422-expected_response3] __________________
[gw0] darwin -- Python 3.11.15 /Users/aleksei.kniazev/playground/fastapi-test/fastapi/.venv/bin/python

path = '/required', expected_status = 422
expected_response = {'detail': [{'input': None, 'loc': ['query', 'foo'], 'msg': 'Field required', 'type': 'missing'}]}

    @pytest.mark.parametrize(
        "path,expected_status,expected_response",
        [
            ("/default", 200, {"foo": "foo"}),
            ("/default?foo=bar", 200, {"foo": "bar"}),
            ("/required?foo=bar", 200, {"foo": "bar"}),
            ("/required", 422, foo_is_missing),
            ("/required?foo=", 422, foo_is_short),
            ("/multiple?foo=bar", 200, {"foo": "bar"}),
            ("/multiple", 422, foo_is_missing),
            ("/multiple?foo=", 422, foo_is_short),
            ("/unrelated?foo=bar", 200, {"foo": "bar"}),
            ("/unrelated", 422, foo_is_missing),
        ],
    )
    def test_get(path, expected_status, expected_response):
        response = client.get(path)
>       assert response.status_code == expected_status
E       assert 400 == 422
E        +  where 400 = <Response [400 Bad Request]>.status_code

tests/test_annotated.py:73: AssertionError
__________________________ test_multiple_annotations ___________________________
[gw3] darwin -- Python 3.11.15 /Users/aleksei.kniazev/playground/fastapi-test/fastapi/.venv/bin/python

    def test_multiple_annotations():
        async def dep():
            pass  # pragma: nocover
    
        @app.get("/multi-query")
        async def get(foo: Annotated[int, Query(gt=2), Query(lt=10)]):
            return foo
    
        with pytest.raises(
            AssertionError,
            match=(
                "Cannot specify `Depends` in `Annotated` and default value"
                " together for 'foo'"
            ),
        ):
    
            @app.get("/")
            async def get2(foo: Annotated[int, Depends(dep)] = Depends(dep)):
                pass  # pragma: nocover
    
        with pytest.raises(
            AssertionError,
            match=(
                "Cannot specify a FastAPI annotation in `Annotated` and `Depends` as a"
                " default value together for 'foo'"
            ),
        ):
    
            @app.get("/")
            async def get3(foo: Annotated[int, Query(min_length=1)] = Depends(dep)):
                pass  # pragma: nocover
    
        client = TestClient(app)
        response = client.get("/multi-query", params={"foo": "5"})
        assert response.status_code == 200
        assert response.json() == 5
    
        response = client.get("/multi-query", params={"foo": "123"})
>       assert response.status_code == 422
E       assert 400 == 422
E        +  where 400 = <Response [400 Bad Request]>.status_code

tests/test_ambiguous_params.py:71: AssertionError
_______________ test_get[/multiple?foo=-422-expected_response7] ________________
[gw0] darwin -- Python 3.11.15 /Users/aleksei.kniazev/playground/fastapi-test/fastapi/.venv/bin/python

path = '/multiple?foo=', expected_status = 422
expected_response = {'detail': [{'ctx': {'min_length': 1}, 'input': '', 'loc': ['query', 'foo'], 'msg': 'String should have at least 1 character', ...}]}

    @pytest.mark.parametrize(
        "path,expected_status,expected_response",
        [
            ("/default", 200, {"foo": "foo"}),
            ("/default?foo=bar", 200, {"foo": "bar"}),
            ("/required?foo=bar", 200, {"foo": "bar"}),
            ("/required", 422, foo_is_missing),
            ("/required?foo=", 422, foo_is_short),
            ("/multiple?foo=bar", 200, {"foo": "bar"}),
            ("/multiple", 422, foo_is_missing),
            ("/multiple?foo=", 422, foo_is_short),
            ("/unrelated?foo=bar", 200, {"foo": "bar"}),
            ("/unrelated", 422, foo_is_missing),
        ],
    )
    def test_get(path, expected_status, expected_response):
        response = client.get(path)
>       assert response.status_code == expected_status
E       assert 400 == 422
E        +  where 400 = <Response [400 Bad Request]>.status_code

tests/test_annotated.py:73: AssertionError
__________________________ test_no_duplicates_invalid __________________________
[gw5] darwin -- Python 3.11.15 /Users/aleksei.kniazev/playground/fastapi-test/fastapi/.venv/bin/python

    def test_no_duplicates_invalid():
        response = client.post("/no-duplicates", json={"item": {"data": "myitem"}})
>       assert response.status_code == 422, response.text
E       AssertionError: {"detail":[{"type":"missing","loc":["body","item2"],"msg":"Field required","input":null}]}
E       assert 400 == 422
E        +  where 400 = <Response [400 Bad Request]>.status_code

tests/test_dependency_duplicates.py:48: AssertionError
______________________________ test_main_depends _______________________________
[gw3] darwin -- Python 3.11.15 /Users/aleksei.kniazev/playground/fastapi-test/fastapi/.venv/bin/python

    def test_main_depends():
        response = client.get("/main-depends/")
>       assert response.status_code == 422
E       assert 400 == 422
E        +  where 400 = <Response [400 Bad Request]>.status_code

tests/test_dependency_overrides.py:53: AssertionError
____________________________ test_decorator_depends ____________________________
[gw4] darwin -- Python 3.11.15 /Users/aleksei.kniazev/playground/fastapi-test/fastapi/.venv/bin/python

    def test_decorator_depends():
        response = client.get("/decorator-depends/")
>       assert response.status_code == 422
E       assert 400 == 422
E        +  where 400 = <Response [400 Bad Request]>.status_code

tests/test_dependency_overrides.py:86: AssertionError
_____________________________ test_router_depends ______________________________
[gw8] darwin -- Python 3.11.15 /Users/aleksei.kniazev/playground/fastapi-test/fastapi/.venv/bin/python

    def test_router_depends():
        response = client.get("/router-depends/")
>       assert response.status_code == 422
E       assert 400 == 422
E        +  where 400 = <Response [400 Bad Request]>.status_code

tests/test_dependency_overrides.py:113: AssertionError
________________________ test_router_decorator_depends _________________________
[gw2] darwin -- Python 3.11.15 /Users/aleksei.kniazev/playground/fastapi-test/fastapi/.venv/bin/python

    def test_router_decorator_depends():
        response = client.get("/router-decorator-depends/")
>       assert response.status_code == 422
E       assert 400 == 422
E        +  where 400 = <Response [400 Bad Request]>.status_code

tests/test_dependency_overrides.py:146: AssertionError
_____________________ test_override_with_sub_main_depends ______________________
[gw6] darwin -- Python 3.11.15 /Users/aleksei.kniazev/playground/fastapi-test/fastapi/.venv/bin/python

    def test_override_with_sub_main_depends():
        app.dependency_overrides[common_parameters] = overrider_dependency_with_sub
        response = client.get("/main-depends/")
>       assert response.status_code == 422
E       assert 400 == 422
E        +  where 400 = <Response [400 Bad Request]>.status_code

tests/test_dependency_overrides.py:219: AssertionError
___________________ test_override_with_sub_decorator_depends ___________________
[gw3] darwin -- Python 3.11.15 /Users/aleksei.kniazev/playground/fastapi-test/fastapi/.venv/bin/python

    def test_override_with_sub_decorator_depends():
        app.dependency_overrides[common_parameters] = overrider_dependency_with_sub
        response = client.get("/decorator-depends/")
>       assert response.status_code == 422
E       assert 400 == 422
E        +  where 400 = <Response [400 Bad Request]>.status_code

tests/test_dependency_overrides.py:263: AssertionError
__________________ test_override_with_sub__main_depends_q_foo __________________
[gw1] darwin -- Python 3.11.15 /Users/aleksei.kniazev/playground/fastapi-test/fastapi/.venv/bin/python

    def test_override_with_sub__main_depends_q_foo():
        app.dependency_overrides[common_parameters] = overrider_dependency_with_sub
        response = client.get("/main-depends/?q=foo")
>       assert response.status_code == 422
E       assert 400 == 422
E        +  where 400 = <Response [400 Bad Request]>.status_code

tests/test_dependency_overrides.py:237: AssertionError
________________ test_override_with_sub_decorator_depends_q_foo ________________
[gw7] darwin -- Python 3.11.15 /Users/aleksei.kniazev/playground/fastapi-test/fastapi/.venv/bin/python

    def test_override_with_sub_decorator_depends_q_foo():
        app.dependency_overrides[common_parameters] = overrider_dependency_with_sub
        response = client.get("/decorator-depends/?q=foo")
>       assert response.status_code == 422
E       assert 400 == 422
E        +  where 400 = <Response [400 Bad Request]>.status_code

tests/test_dependency_overrides.py:281: AssertionError
____________________ test_override_with_sub_router_depends _____________________
[gw9] darwin -- Python 3.11.15 /Users/aleksei.kniazev/playground/fastapi-test/fastapi/.venv/bin/python

    def test_override_with_sub_router_depends():
        app.dependency_overrides[common_parameters] = overrider_dependency_with_sub
        response = client.get("/router-depends/")
>       assert response.status_code == 422
E       assert 400 == 422
E        +  where 400 = <Response [400 Bad Request]>.status_code

tests/test_dependency_overrides.py:307: AssertionError
_________________ test_override_with_sub_router_depends_q_foo __________________
[gw8] darwin -- Python 3.11.15 /Users/aleksei.kniazev/playground/fastapi-test/fastapi/.venv/bin/python

    def test_override_with_sub_router_depends_q_foo():
        app.dependency_overrides[common_parameters] = overrider_dependency_with_sub
        response = client.get("/router-depends/?q=foo")
>       assert response.status_code == 422
E       assert 400 == 422
E        +  where 400 = <Response [400 Bad Request]>.status_code

tests/test_dependency_overrides.py:325: AssertionError
_______________ test_override_with_sub_router_decorator_depends ________________
[gw3] darwin -- Python 3.11.15 /Users/aleksei.kniazev/playground/fastapi-test/fastapi/.venv/bin/python

    def test_override_with_sub_router_decorator_depends():
        app.dependency_overrides[common_parameters] = overrider_dependency_with_sub
        response = client.get("/router-decorator-depends/")
>       assert response.status_code == 422
E       assert 400 == 422
E        +  where 400 = <Response [400 Bad Request]>.status_code

tests/test_dependency_overrides.py:351: AssertionError
____________ test_override_with_sub_router_decorator_depends_q_foo _____________
[gw0] darwin -- Python 3.11.15 /Users/aleksei.kniazev/playground/fastapi-test/fastapi/.venv/bin/python

    def test_override_with_sub_router_decorator_depends_q_foo():
        app.dependency_overrides[common_parameters] = overrider_dependency_with_sub
        response = client.get("/router-decorator-depends/?q=foo")
>       assert response.status_code == 422
E       assert 400 == 422
E        +  where 400 = <Response [400 Bad Request]>.status_code

tests/test_dependency_overrides.py:369: AssertionError
_______________________________ test_get_invalid _______________________________
[gw1] darwin -- Python 3.11.15 /Users/aleksei.kniazev/playground/fastapi-test/fastapi/.venv/bin/python

    def test_get_invalid():
        response = client.get("/foo")
>       assert response.status_code == 422
E       assert 400 == 422
E        +  where 400 = <Response [400 Bad Request]>.status_code

tests/test_enforce_once_required_parameter.py:31: AssertionError
______________________________ test_invalid_data _______________________________
[gw7] darwin -- Python 3.11.15 /Users/aleksei.kniazev/playground/fastapi-test/fastapi/.venv/bin/python

    def test_invalid_data():
        response = client.post(
            "/form/",
            data={
                "username": "Rick",
                "lastname": "Sanchez",
                "age": "seventy",
                "tags": ["plumbus", "citadel"],
            },
        )
>       assert response.status_code == 422, response.text
E       AssertionError: {"detail":[{"type":"int_parsing","loc":["body","age"],"msg":"Input should be a valid integer, unable to parse string as an integer","input":"seventy"}]}
E       assert 400 == 422
E        +  where 400 = <Response [400 Bad Request]>.status_code

tests/test_forms_single_model.py:80: AssertionError
_________________________________ test_no_data _________________________________
[gw6] darwin -- Python 3.11.15 /Users/aleksei.kniazev/playground/fastapi-test/fastapi/.venv/bin/python

    def test_no_data():
        response = client.post("/form/")
>       assert response.status_code == 422, response.text
E       AssertionError: {"detail":[{"type":"missing","loc":["body","username"],"msg":"Field required","input":{"tags":["foo","bar"],"with":"nothing"}},{"type":"missing","loc":["body","lastname"],"msg":"Field required","input":{"tags":["foo","bar"],"with":"nothing"}}]}
E       assert 400 == 422
E        +  where 400 = <Response [400 Bad Request]>.status_code

tests/test_forms_single_model.py:95: AssertionError
________________________ test_post_invalid[/b/compute/] ________________________
[gw2] darwin -- Python 3.11.15 /Users/aleksei.kniazev/playground/fastapi-test/fastapi/.venv/bin/python

path = '/b/compute/'

    @pytest.mark.parametrize(
        "path", ["/a/compute", "/a/compute/", "/b/compute", "/b/compute/"]
    )
    def test_post_invalid(path):
        data = {"a": "bar", "b": "foo"}
        response = client.post(path, json=data)
>       assert response.status_code == 422, response.text
E       AssertionError: {"detail":[{"type":"int_parsing","loc":["body","a"],"msg":"Input should be a valid integer, unable to parse string as an integer","input":"bar"}]}
E       assert 400 == 422
E        +  where 400 = <Response [400 Bad Request]>.status_code

tests/test_modules_same_name_body/test_main.py:26: AssertionError
________________________ test_post_invalid[/a/compute] _________________________
[gw4] darwin -- Python 3.11.15 /Users/aleksei.kniazev/playground/fastapi-test/fastapi/.venv/bin/python

path = '/a/compute'

    @pytest.mark.parametrize(
        "path", ["/a/compute", "/a/compute/", "/b/compute", "/b/compute/"]
    )
    def test_post_invalid(path):
        data = {"a": "bar", "b": "foo"}
        response = client.post(path, json=data)
>       assert response.status_code == 422, response.text
E       AssertionError: {"detail":[{"type":"int_parsing","loc":["body","a"],"msg":"Input should be a valid integer, unable to parse string as an integer","input":"bar"}]}
E       assert 400 == 422
E        +  where 400 = <Response [400 Bad Request]>.status_code

tests/test_modules_same_name_body/test_main.py:26: AssertionError
________________________ test_post_invalid[/a/compute/] ________________________
[gw8] darwin -- Python 3.11.15 /Users/aleksei.kniazev/playground/fastapi-test/fastapi/.venv/bin/python

path = '/a/compute/'

    @pytest.mark.parametrize(
        "path", ["/a/compute", "/a/compute/", "/b/compute", "/b/compute/"]
    )
    def test_post_invalid(path):
        data = {"a": "bar", "b": "foo"}
        response = client.post(path, json=data)
>       assert response.status_code == 422, response.text
E       AssertionError: {"detail":[{"type":"int_parsing","loc":["body","a"],"msg":"Input should be a valid integer, unable to parse string as an integer","input":"bar"}]}
E       assert 400 == 422
E        +  where 400 = <Response [400 Bad Request]>.status_code

tests/test_modules_same_name_body/test_main.py:26: AssertionError
____________________ test_jsonable_encoder_requiring_error _____________________
[gw9] darwin -- Python 3.11.15 /Users/aleksei.kniazev/playground/fastapi-test/fastapi/.venv/bin/python

    def test_jsonable_encoder_requiring_error():
        response = client.post("/items/", json=[{"name": "Foo", "age": -1.0}])
>       assert response.status_code == 422, response.text
E       AssertionError: {"detail":[{"type":"greater_than","loc":["body",0,"age"],"msg":"Input should be greater than 0","input":-1.0,"ctx":{"gt":0}}]}
E       assert 400 == 422
E        +  where 400 = <Response [400 Bad Request]>.status_code

tests/test_multi_body_errors.py:42: AssertionError
_______________________ test_put_incorrect_body_multiple _______________________
[gw4] darwin -- Python 3.11.15 /Users/aleksei.kniazev/playground/fastapi-test/fastapi/.venv/bin/python

    def test_put_incorrect_body_multiple():
        response = client.post("/items/", json=[{"age": "five"}, {"age": "six"}])
>       assert response.status_code == 422, response.text
E       AssertionError: {"detail":[{"type":"missing","loc":["body",0,"name"],"msg":"Field required","input":{"age":"five"}},{"type":"decimal_parsing","loc":["body",0,"age"],"msg":"Input should be a valid decimal","input":"five"},{"type":"missing","loc":["body",1,"name"],"msg":"Field required","input":{"age":"six"}},{"type":"decimal_parsing","loc":["body",1,"age"],"msg":"Input should be a valid decimal","input":"six"}]}
E       assert 400 == 422
E        +  where 400 = <Response [400 Bad Request]>.status_code

tests/test_multi_body_errors.py:58: AssertionError
________________________ test_post_invalid[/b/compute] _________________________
[gw6] darwin -- Python 3.11.15 /Users/aleksei.kniazev/playground/fastapi-test/fastapi/.venv/bin/python

path = '/b/compute'

    @pytest.mark.parametrize(
        "path", ["/a/compute", "/a/compute/", "/b/compute", "/b/compute/"]
    )
    def test_post_invalid(path):
        data = {"a": "bar", "b": "foo"}
        response = client.post(path, json=data)
>       assert response.status_code == 422, response.text
E       AssertionError: {"detail":[{"type":"int_parsing","loc":["body","a"],"msg":"Input should be a valid integer, unable to parse string as an integer","input":"bar"}]}
E       assert 400 == 422
E        +  where 400 = <Response [400 Bad Request]>.status_code

tests/test_modules_same_name_body/test_main.py:26: AssertionError
__________________________ test_multi_query_incorrect __________________________
[gw1] darwin -- Python 3.11.15 /Users/aleksei.kniazev/playground/fastapi-test/fastapi/.venv/bin/python

    def test_multi_query_incorrect():
        response = client.get("/items/?q=five&q=six")
>       assert response.status_code == 422, response.text
E       AssertionError: {"detail":[{"type":"int_parsing","loc":["query","q",0],"msg":"Input should be a valid integer, unable to parse string as an integer","input":"five"},{"type":"int_parsing","loc":["query","q",1],"msg":"Input should be a valid integer, unable to parse string as an integer","input":"six"}]}
E       assert 400 == 422
E        +  where 400 = <Response [400 Bad Request]>.status_code

tests/test_multi_query_errors.py:24: AssertionError
______________________________ test_path_int_True ______________________________
[gw4] darwin -- Python 3.11.15 /Users/aleksei.kniazev/playground/fastapi-test/fastapi/.venv/bin/python

    def test_path_int_True():
        response = client.get("/path/int/True")
>       assert response.status_code == 422
E       assert 400 == 422
E        +  where 400 = <Response [400 Bad Request]>.status_code

tests/test_path.py:61: AssertionError
______________________________ test_path_int_42_5 ______________________________
[gw6] darwin -- Python 3.11.15 /Users/aleksei.kniazev/playground/fastapi-test/fastapi/.venv/bin/python

    def test_path_int_42_5():
        response = client.get("/path/int/42.5")
>       assert response.status_code == 422
E       assert 400 == 422
E        +  where 400 = <Response [400 Bad Request]>.status_code

tests/test_path.py:82: AssertionError
____________________________ test_path_float_foobar ____________________________
[gw7] darwin -- Python 3.11.15 /Users/aleksei.kniazev/playground/fastapi-test/fastapi/.venv/bin/python

    def test_path_float_foobar():
        response = client.get("/path/float/foobar")
>       assert response.status_code == 422
E       assert 400 == 422
E        +  where 400 = <Response [400 Bad Request]>.status_code

tests/test_path.py:97: AssertionError
_____________________________ test_path_float_True _____________________________
[gw8] darwin -- Python 3.11.15 /Users/aleksei.kniazev/playground/fastapi-test/fastapi/.venv/bin/python

    def test_path_float_True():
        response = client.get("/path/float/True")
>       assert response.status_code == 422
E       assert 400 == 422
E        +  where 400 = <Response [400 Bad Request]>.status_code

tests/test_path.py:112: AssertionError
_____________________________ test_path_int_foobar _____________________________
[gw9] darwin -- Python 3.11.15 /Users/aleksei.kniazev/playground/fastapi-test/fastapi/.venv/bin/python

    def test_path_int_foobar():
        response = client.get("/path/int/foobar")
>       assert response.status_code == 422
E       assert 400 == 422
E        +  where 400 = <Response [400 Bad Request]>.status_code

tests/test_path.py:46: AssertionError
____________________________ test_path_bool_foobar _____________________________
[gw1] darwin -- Python 3.11.15 /Users/aleksei.kniazev/playground/fastapi-test/fastapi/.venv/bin/python

    def test_path_bool_foobar():
        response = client.get("/path/bool/foobar")
>       assert response.status_code == 422
E       assert 400 == 422
E        +  where 400 = <Response [400 Bad Request]>.status_code

tests/test_path.py:139: AssertionError
______________________________ test_path_bool_42 _______________________________
[gw6] darwin -- Python 3.11.15 /Users/aleksei.kniazev/playground/fastapi-test/fastapi/.venv/bin/python

    def test_path_bool_42():
        response = client.get("/path/bool/42")
>       assert response.status_code == 422
E       assert 400 == 422
E        +  where 400 = <Response [400 Bad Request]>.status_code

tests/test_path.py:160: AssertionError
_____________________________ test_path_bool_42_5 ______________________________
[gw7] darwin -- Python 3.11.15 /Users/aleksei.kniazev/playground/fastapi-test/fastapi/.venv/bin/python

    def test_path_bool_42_5():
        response = client.get("/path/bool/42.5")
>       assert response.status_code == 422
E       assert 400 == 422
E        +  where 400 = <Response [400 Bad Request]>.status_code

tests/test_path.py:175: AssertionError
_________________________ test_path_param_minlength_fo _________________________
[gw9] darwin -- Python 3.11.15 /Users/aleksei.kniazev/playground/fastapi-test/fastapi/.venv/bin/python

    def test_path_param_minlength_fo():
        response = client.get("/path/param-minlength/fo")
>       assert response.status_code == 422
E       assert 400 == 422
E        +  where 400 = <Response [400 Bad Request]>.status_code

tests/test_path.py:232: AssertionError
_______________________ test_path_param_maxlength_foobar _______________________
[gw4] darwin -- Python 3.11.15 /Users/aleksei.kniazev/playground/fastapi-test/fastapi/.venv/bin/python

    def test_path_param_maxlength_foobar():
        response = client.get("/path/param-maxlength/foobar")
>       assert response.status_code == 422
E       assert 400 == 422
E        +  where 400 = <Response [400 Bad Request]>.status_code

tests/test_path.py:254: AssertionError
_____________________ test_path_param_min_maxlength_foobar _____________________
[gw2] darwin -- Python 3.11.15 /Users/aleksei.kniazev/playground/fastapi-test/fastapi/.venv/bin/python

    def test_path_param_min_maxlength_foobar():
        response = client.get("/path/param-min_maxlength/foobar")
>       assert response.status_code == 422
E       assert 400 == 422
E        +  where 400 = <Response [400 Bad Request]>.status_code

tests/test_path.py:276: AssertionError
_____________________________ test_path_param_gt_2 _____________________________
[gw6] darwin -- Python 3.11.15 /Users/aleksei.kniazev/playground/fastapi-test/fastapi/.venv/bin/python

    def test_path_param_gt_2():
        response = client.get("/path/param-gt/2")
>       assert response.status_code == 422
E       assert 400 == 422
E        +  where 400 = <Response [400 Bad Request]>.status_code

tests/test_path.py:314: AssertionError
_______________________ test_path_param_min_maxlength_f ________________________
[gw9] darwin -- Python 3.11.15 /Users/aleksei.kniazev/playground/fastapi-test/fastapi/.venv/bin/python

    def test_path_param_min_maxlength_f():
        response = client.get("/path/param-min_maxlength/f")
>       assert response.status_code == 422
E       assert 400 == 422
E        +  where 400 = <Response [400 Bad Request]>.status_code

tests/test_path.py:292: AssertionError
____________________________ test_path_param_gt0_0 _____________________________
[gw4] darwin -- Python 3.11.15 /Users/aleksei.kniazev/playground/fastapi-test/fastapi/.venv/bin/python

    def test_path_param_gt0_0():
        response = client.get("/path/param-gt0/0")
>       assert response.status_code == 422
E       assert 400 == 422
E        +  where 400 = <Response [400 Bad Request]>.status_code

tests/test_path.py:336: AssertionError
_____________________________ test_path_param_ge_2 _____________________________
[gw2] darwin -- Python 3.11.15 /Users/aleksei.kniazev/playground/fastapi-test/fastapi/.venv/bin/python

    def test_path_param_ge_2():
        response = client.get("/path/param-ge/2")
>       assert response.status_code == 422
E       assert 400 == 422
E        +  where 400 = <Response [400 Bad Request]>.status_code

tests/test_path.py:364: AssertionError
____________________________ test_path_param_lt_42 _____________________________
[gw1] darwin -- Python 3.11.15 /Users/aleksei.kniazev/playground/fastapi-test/fastapi/.venv/bin/python

    def test_path_param_lt_42():
        response = client.get("/path/param-lt/42")
>       assert response.status_code == 422
E       assert 400 == 422
E        +  where 400 = <Response [400 Bad Request]>.status_code

tests/test_path.py:380: AssertionError
____________________________ test_path_param_le_42 _____________________________
[gw8] darwin -- Python 3.11.15 /Users/aleksei.kniazev/playground/fastapi-test/fastapi/.venv/bin/python

    def test_path_param_le_42():
        response = client.get("/path/param-le/42")
>       assert response.status_code == 422
E       assert 400 == 422
E        +  where 400 = <Response [400 Bad Request]>.status_code

tests/test_path.py:424: AssertionError
____________________________ test_path_param_lt0_0 _____________________________
[gw7] darwin -- Python 3.11.15 /Users/aleksei.kniazev/playground/fastapi-test/fastapi/.venv/bin/python

    def test_path_param_lt0_0():
        response = client.get("/path/param-lt0/0")
>       assert response.status_code == 422
E       assert 400 == 422
E        +  where 400 = <Response [400 Bad Request]>.status_code

tests/test_path.py:408: AssertionError
___________________________ test_path_param_lt_gt_0 ____________________________
[gw2] darwin -- Python 3.11.15 /Users/aleksei.kniazev/playground/fastapi-test/fastapi/.venv/bin/python

    def test_path_param_lt_gt_0():
        response = client.get("/path/param-lt-gt/0")
>       assert response.status_code == 422
E       assert 400 == 422
E        +  where 400 = <Response [400 Bad Request]>.status_code

tests/test_path.py:474: AssertionError
___________________________ test_path_param_le_ge_4 ____________________________
[gw9] darwin -- Python 3.11.15 /Users/aleksei.kniazev/playground/fastapi-test/fastapi/.venv/bin/python

    def test_path_param_le_ge_4():
        response = client.get("/path/param-le-ge/4")
>       assert response.status_code == 422
E       assert 400 == 422
E        +  where 400 = <Response [400 Bad Request]>.status_code

tests/test_path.py:507: AssertionError
___________________________ test_path_param_lt_gt_4 ____________________________
[gw8] darwin -- Python 3.11.15 /Users/aleksei.kniazev/playground/fastapi-test/fastapi/.venv/bin/python

    def test_path_param_lt_gt_4():
        response = client.get("/path/param-lt-gt/4")
>       assert response.status_code == 422
E       assert 400 == 422
E        +  where 400 = <Response [400 Bad Request]>.status_code

tests/test_path.py:458: AssertionError
__________________________ test_path_param_lt_int_42 ___________________________
[gw6] darwin -- Python 3.11.15 /Users/aleksei.kniazev/playground/fastapi-test/fastapi/.venv/bin/python

    def test_path_param_lt_int_42():
        response = client.get("/path/param-lt-int/42")
>       assert response.status_code == 422
E       assert 400 == 422
E        +  where 400 = <Response [400 Bad Request]>.status_code

tests/test_path.py:529: AssertionError
__________________________ test_path_param_lt_int_2_7 __________________________
[gw3] darwin -- Python 3.11.15 /Users/aleksei.kniazev/playground/fastapi-test/fastapi/.venv/bin/python

    def test_path_param_lt_int_2_7():
        response = client.get("/path/param-lt-int/2.7")
>       assert response.status_code == 422
E       assert 400 == 422
E        +  where 400 = <Response [400 Bad Request]>.status_code

tests/test_path.py:545: AssertionError
___________________________ test_path_param_gt_int_2 ___________________________
[gw2] darwin -- Python 3.11.15 /Users/aleksei.kniazev/playground/fastapi-test/fastapi/.venv/bin/python

    def test_path_param_gt_int_2():
        response = client.get("/path/param-gt-int/2")
>       assert response.status_code == 422
E       assert 400 == 422
E        +  where 400 = <Response [400 Bad Request]>.status_code

tests/test_path.py:566: AssertionError
__________________________ test_path_param_gt_int_2_7 __________________________
[gw8] darwin -- Python 3.11.15 /Users/aleksei.kniazev/playground/fastapi-test/fastapi/.venv/bin/python

    def test_path_param_gt_int_2_7():
        response = client.get("/path/param-gt-int/2.7")
>       assert response.status_code == 422
E       assert 400 == 422
E        +  where 400 = <Response [400 Bad Request]>.status_code

tests/test_path.py:582: AssertionError
__________________________ test_path_param_le_int_42 ___________________________
[gw9] darwin -- Python 3.11.15 /Users/aleksei.kniazev/playground/fastapi-test/fastapi/.venv/bin/python

    def test_path_param_le_int_42():
        response = client.get("/path/param-le-int/42")
>       assert response.status_code == 422
E       assert 400 == 422
E        +  where 400 = <Response [400 Bad Request]>.status_code

tests/test_path.py:597: AssertionError
_________________________ test_path_param_lt_gt_int_4 __________________________
[gw0] darwin -- Python 3.11.15 /Users/aleksei.kniazev/playground/fastapi-test/fastapi/.venv/bin/python

    def test_path_param_lt_gt_int_4():
        response = client.get("/path/param-lt-gt-int/4")
>       assert response.status_code == 422
E       assert 400 == 422
E        +  where 400 = <Response [400 Bad Request]>.status_code

tests/test_path.py:689: AssertionError
__________________________ test_path_param_le_int_2_7 __________________________
[gw3] darwin -- Python 3.11.15 /Users/aleksei.kniazev/playground/fastapi-test/fastapi/.venv/bin/python

    def test_path_param_le_int_2_7():
        response = client.get("/path/param-le-int/2.7")
>       assert response.status_code == 422
E       assert 400 == 422
E        +  where 400 = <Response [400 Bad Request]>.status_code

tests/test_path.py:625: AssertionError
__________________________ test_path_param_ge_int_2_7 __________________________
[gw7] darwin -- Python 3.11.15 /Users/aleksei.kniazev/playground/fastapi-test/fastapi/.venv/bin/python

    def test_path_param_ge_int_2_7():
        response = client.get("/path/param-ge-int/2.7")
>       assert response.status_code == 422
E       assert 400 == 422
E        +  where 400 = <Response [400 Bad Request]>.status_code

tests/test_path.py:668: AssertionError
_________________________ test_path_param_lt_gt_int_0 __________________________
[gw1] darwin -- Python 3.11.15 /Users/aleksei.kniazev/playground/fastapi-test/fastapi/.venv/bin/python

    def test_path_param_lt_gt_int_0():
        response = client.get("/path/param-lt-gt-int/0")
>       assert response.status_code == 422
E       assert 400 == 422
E        +  where 400 = <Response [400 Bad Request]>.status_code

tests/test_path.py:705: AssertionError
___________________________ test_path_param_ge_int_2 ___________________________
[gw2] darwin -- Python 3.11.15 /Users/aleksei.kniazev/playground/fastapi-test/fastapi/.venv/bin/python

    def test_path_param_ge_int_2():
        response = client.get("/path/param-ge-int/2")
>       assert response.status_code == 422
E       assert 400 == 422
E        +  where 400 = <Response [400 Bad Request]>.status_code

tests/test_path.py:652: AssertionError
________________________ test_path_param_lt_gt_int_2_7 _________________________
[gw9] darwin -- Python 3.11.15 /Users/aleksei.kniazev/playground/fastapi-test/fastapi/.venv/bin/python

    def test_path_param_lt_gt_int_2_7():
        response = client.get("/path/param-lt-gt-int/2.7")
>       assert response.status_code == 422
E       assert 400 == 422
E        +  where 400 = <Response [400 Bad Request]>.status_code

tests/test_path.py:721: AssertionError
_________________________ test_path_param_le_ge_int_4 __________________________
[gw3] darwin -- Python 3.11.15 /Users/aleksei.kniazev/playground/fastapi-test/fastapi/.venv/bin/python

    def test_path_param_le_ge_int_4():
        response = client.get("/path/param-le-ge-int/4")
>       assert response.status_code == 422
E       assert 400 == 422
E        +  where 400 = <Response [400 Bad Request]>.status_code

tests/test_path.py:754: AssertionError
________________________ test_path_param_le_ge_int_2_7 _________________________
[gw7] darwin -- Python 3.11.15 /Users/aleksei.kniazev/playground/fastapi-test/fastapi/.venv/bin/python

    def test_path_param_le_ge_int_2_7():
        response = client.get("/path/param-le-ge-int/2.7")
>       assert response.status_code == 422
E       assert 400 == 422
E        +  where 400 = <Response [400 Bad Request]>.status_code

tests/test_path.py:770: AssertionError
_________________________ test_query_not_declared_baz __________________________
[gw4] darwin -- Python 3.11.15 /Users/aleksei.kniazev/playground/fastapi-test/fastapi/.venv/bin/python

    def test_query_not_declared_baz():
        response = client.get("/query?not_declared=baz")
>       assert response.status_code == 422
E       assert 400 == 422
E        +  where 400 = <Response [400 Bad Request]>.status_code

tests/test_query.py:31: AssertionError
___________________________ test_query_int_query_baz ___________________________
[gw9] darwin -- Python 3.11.15 /Users/aleksei.kniazev/playground/fastapi-test/fastapi/.venv/bin/python

    def test_query_int_query_baz():
        response = client.get("/query/int?query=baz")
>       assert response.status_code == 422
E       assert 400 == 422
E        +  where 400 = <Response [400 Bad Request]>.status_code

tests/test_query.py:100: AssertionError
__________________________________ test_query __________________________________
[gw7] darwin -- Python 3.11.15 /Users/aleksei.kniazev/playground/fastapi-test/fastapi/.venv/bin/python

    def test_query():
        response = client.get("/query")
>       assert response.status_code == 422
E       assert 400 == 422
E        +  where 400 = <Response [400 Bad Request]>.status_code

tests/test_query.py:10: AssertionError
______________________ test_query_int_optional_query_foo _______________________
[gw3] darwin -- Python 3.11.15 /Users/aleksei.kniazev/playground/fastapi-test/fastapi/.venv/bin/python

    def test_query_int_optional_query_foo():
        response = client.get("/query/int/optional?query=foo")
>       assert response.status_code == 422
E       assert 400 == 422
E        +  where 400 = <Response [400 Bad Request]>.status_code

tests/test_query.py:142: AssertionError
__________________________ test_query_int_query_42_5 ___________________________
[gw6] darwin -- Python 3.11.15 /Users/aleksei.kniazev/playground/fastapi-test/fastapi/.venv/bin/python

    def test_query_int_query_42_5():
        response = client.get("/query/int?query=42.5")
>       assert response.status_code == 422
E       assert 400 == 422
E        +  where 400 = <Response [400 Bad Request]>.status_code

tests/test_query.py:85: AssertionError
________________________________ test_query_int ________________________________
[gw4] darwin -- Python 3.11.15 /Users/aleksei.kniazev/playground/fastapi-test/fastapi/.venv/bin/python

    def test_query_int():
        response = client.get("/query/int")
>       assert response.status_code == 422
E       assert 400 == 422
E        +  where 400 = <Response [400 Bad Request]>.status_code

tests/test_query.py:64: AssertionError
_______________________ test_query_int_not_declared_baz ________________________
[gw0] darwin -- Python 3.11.15 /Users/aleksei.kniazev/playground/fastapi-test/fastapi/.venv/bin/python

    def test_query_int_not_declared_baz():
        response = client.get("/query/int?not_declared=baz")
>       assert response.status_code == 422
E       assert 400 == 422
E        +  where 400 = <Response [400 Bad Request]>.status_code

tests/test_query.py:115: AssertionError
_______________________ test_query_int_default_query_foo _______________________
[gw3] darwin -- Python 3.11.15 /Users/aleksei.kniazev/playground/fastapi-test/fastapi/.venv/bin/python

    def test_query_int_default_query_foo():
        response = client.get("/query/int/default?query=foo")
>       assert response.status_code == 422
E       assert 400 == 422
E        +  where 400 = <Response [400 Bad Request]>.status_code

tests/test_query.py:169: AssertionError
________________________ test_query_param_required_int _________________________
[gw2] darwin -- Python 3.11.15 /Users/aleksei.kniazev/playground/fastapi-test/fastapi/.venv/bin/python

    def test_query_param_required_int():
        response = client.get("/query/param-required/int")
>       assert response.status_code == 422
E       assert 400 == 422
E        +  where 400 = <Response [400 Bad Request]>.status_code

tests/test_query.py:217: AssertionError
__________________________ test_query_param_required ___________________________
[gw6] darwin -- Python 3.11.15 /Users/aleksei.kniazev/playground/fastapi-test/fastapi/.venv/bin/python

    def test_query_param_required():
        response = client.get("/query/param-required")
>       assert response.status_code == 422
E       assert 400 == 422
E        +  where 400 = <Response [400 Bad Request]>.status_code

tests/test_query.py:196: AssertionError
___________________ test_query_param_required_int_query_foo ____________________
[gw1] darwin -- Python 3.11.15 /Users/aleksei.kniazev/playground/fastapi-test/fastapi/.venv/bin/python

    def test_query_param_required_int_query_foo():
        response = client.get("/query/param-required/int?query=foo")
>       assert response.status_code == 422
E       assert 400 == 422
E        +  where 400 = <Response [400 Bad Request]>.status_code

tests/test_query.py:238: AssertionError
____________________________ test_query_list_empty _____________________________
[gw3] darwin -- Python 3.11.15 /Users/aleksei.kniazev/playground/fastapi-test/fastapi/.venv/bin/python

    def test_query_list_empty():
        response = client.get("/query/list/")
>       assert response.status_code == 422
E       assert 400 == 422
E        +  where 400 = <Response [400 Bad Request]>.status_code

tests/test_query.py:265: AssertionError
___________________________ test_query_nonregexquery ___________________________
[gw0] darwin -- Python 3.11.15 /Users/aleksei.kniazev/playground/fastapi-test/fastapi/.venv/bin/python

    @needs_py310
    def test_query_nonregexquery():
        client = get_client()
        response = client.post("/items/", data={"q": "nonregexquery"})
>       assert response.status_code == 422
E       assert 400 == 422
E        +  where 400 = <Response [400 Bad Request]>.status_code

tests/test_regex_deprecated_body.py:49: AssertionError
__________ test_query_params_str_validations_item_query_nonregexquery __________
[gw6] darwin -- Python 3.11.15 /Users/aleksei.kniazev/playground/fastapi-test/fastapi/.venv/bin/python

    @needs_py310
    def test_query_params_str_validations_item_query_nonregexquery():
        client = get_client()
        response = client.get("/items/", params={"q": "nonregexquery"})
>       assert response.status_code == 422
E       assert 400 == 422
E        +  where 400 = <Response [400 Bad Request]>.status_code

tests/test_regex_deprecated_params.py:49: AssertionError
_____________________ test_header_model_with_alias_by_name _____________________
[gw0] darwin -- Python 3.11.15 /Users/aleksei.kniazev/playground/fastapi-test/fastapi/.venv/bin/python

    def test_header_model_with_alias_by_name():
        client = TestClient(app)
        response = client.get("/header", headers={"param": "value"})
>       assert response.status_code == 422, response.text
E       AssertionError: {"detail":[{"type":"missing","loc":["header","param_alias"],"msg":"Field required","input":{"host":"testserver","accept":"*/*","accept-encoding":"gzip, deflate","connection":"keep-alive","user-agent":"testclient","param":"value"}}]}
E       assert 400 == 422
E        +  where 400 = <Response [400 Bad Request]>.status_code

tests/test_request_param_model_by_alias.py:61: AssertionError
_____________________ test_query_model_with_alias_by_name ______________________
[gw4] darwin -- Python 3.11.15 /Users/aleksei.kniazev/playground/fastapi-test/fastapi/.venv/bin/python

    def test_query_model_with_alias_by_name():
        client = TestClient(app)
        response = client.get("/query", params={"param": "value"})
>       assert response.status_code == 422, response.text
E       AssertionError: {"detail":[{"type":"missing","loc":["query","param_alias"],"msg":"Field required","input":{"param":"value"}}]}
E       assert 400 == 422
E        +  where 400 = <Response [400 Bad Request]>.status_code

tests/test_request_param_model_by_alias.py:53: AssertionError
_____________________ test_cookie_model_with_alias_by_name _____________________
[gw3] darwin -- Python 3.11.15 /Users/aleksei.kniazev/playground/fastapi-test/fastapi/.venv/bin/python

    def test_cookie_model_with_alias_by_name():
        client = TestClient(app)
        client.cookies.set("param", "value")
        response = client.get("/cookie")
>       assert response.status_code == 422, response.text
E       AssertionError: {"detail":[{"type":"missing","loc":["cookie","param_alias"],"msg":"Field required","input":{"param":"value"}}]}
E       assert 400 == 422
E        +  where 400 = <Response [400 Bad Request]>.status_code

tests/test_request_param_model_by_alias.py:70: AssertionError
___________ test_required_list_str_missing[/required-list-str-json1] ___________
[gw1] darwin -- Python 3.11.15 /Users/aleksei.kniazev/playground/fastapi-test/fastapi/.venv/bin/python

path = '/required-list-str', json = {}

    @pytest.mark.parametrize("json", [None, {}])
    @pytest.mark.parametrize(
        "path",
        ["/required-list-str", "/model-required-list-str"],
    )
    def test_required_list_str_missing(path: str, json: dict | None):
        client = TestClient(app)
        response = client.post(path, json=json)
>       assert response.status_code == 422
E       assert 400 == 422
E        +  where 400 = <Response [400 Bad Request]>.status_code

tests/test_request_params/test_body/test_list.py:61: AssertionError
________ test_required_list_str_missing[/model-required-list-str-json1] ________
[gw9] darwin -- Python 3.11.15 /Users/aleksei.kniazev/playground/fastapi-test/fastapi/.venv/bin/python

path = '/model-required-list-str', json = {}

    @pytest.mark.parametrize("json", [None, {}])
    @pytest.mark.parametrize(
        "path",
        ["/required-list-str", "/model-required-list-str"],
    )
    def test_required_list_str_missing(path: str, json: dict | None):
        client = TestClient(app)
        response = client.post(path, json=json)
>       assert response.status_code == 422
E       assert 400 == 422
E        +  where 400 = <Response [400 Bad Request]>.status_code

tests/test_request_params/test_body/test_list.py:61: AssertionError
________ test_required_list_str_missing[/model-required-list-str-None] _________
[gw8] darwin -- Python 3.11.15 /Users/aleksei.kniazev/playground/fastapi-test/fastapi/.venv/bin/python

path = '/model-required-list-str', json = None

    @pytest.mark.parametrize("json", [None, {}])
    @pytest.mark.parametrize(
        "path",
        ["/required-list-str", "/model-required-list-str"],
    )
    def test_required_list_str_missing(path: str, json: dict | None):
        client = TestClient(app)
        response = client.post(path, json=json)
>       assert response.status_code == 422
E       assert 400 == 422
E        +  where 400 = <Response [400 Bad Request]>.status_code

tests/test_request_params/test_body/test_list.py:61: AssertionError
___________ test_required_list_str_missing[/required-list-str-None] ____________
[gw6] darwin -- Python 3.11.15 /Users/aleksei.kniazev/playground/fastapi-test/fastapi/.venv/bin/python

path = '/required-list-str', json = None

    @pytest.mark.parametrize("json", [None, {}])
    @pytest.mark.parametrize(
        "path",
        ["/required-list-str", "/model-required-list-str"],
    )
    def test_required_list_str_missing(path: str, json: dict | None):
        client = TestClient(app)
        response = client.post(path, json=json)
>       assert response.status_code == 422
E       assert 400 == 422
E        +  where 400 = <Response [400 Bad Request]>.status_code

tests/test_request_params/test_body/test_list.py:61: AssertionError
______ test_required_list_alias_missing[/model-required-list-alias-json1] ______
[gw3] darwin -- Python 3.11.15 /Users/aleksei.kniazev/playground/fastapi-test/fastapi/.venv/bin/python

path = '/model-required-list-alias', json = {}

    @pytest.mark.parametrize("json", [None, {}])
    @pytest.mark.parametrize(
        "path",
        ["/required-list-alias", "/model-required-list-alias"],
    )
    def test_required_list_alias_missing(path: str, json: dict | None):
        client = TestClient(app)
        response = client.post(path, json=json)
>       assert response.status_code == 422
E       assert 400 == 422
E        +  where 400 = <Response [400 Bad Request]>.status_code

tests/test_request_params/test_body/test_list.py:138: AssertionError
_________ test_required_list_alias_missing[/required-list-alias-json1] _________
[gw7] darwin -- Python 3.11.15 /Users/aleksei.kniazev/playground/fastapi-test/fastapi/.venv/bin/python

path = '/required-list-alias', json = {}

    @pytest.mark.parametrize("json", [None, {}])
    @pytest.mark.parametrize(
        "path",
        ["/required-list-alias", "/model-required-list-alias"],
    )
    def test_required_list_alias_missing(path: str, json: dict | None):
        client = TestClient(app)
        response = client.post(path, json=json)
>       assert response.status_code == 422
E       assert 400 == 422
E        +  where 400 = <Response [400 Bad Request]>.status_code

tests/test_request_params/test_body/test_list.py:138: AssertionError
_ test_required_list_validation_alias_missing[/model-required-list-validation-alias-json1] _
[gw0] darwin -- Python 3.11.15 /Users/aleksei.kniazev/playground/fastapi-test/fastapi/.venv/bin/python

path = '/model-required-list-validation-alias', json = {}

    @pytest.mark.parametrize("json", [None, {}])
    @pytest.mark.parametrize(
        "path",
        [
            "/required-list-validation-alias",
            "/model-required-list-validation-alias",
        ],
    )
    def test_required_list_validation_alias_missing(path: str, json: dict | None):
        client = TestClient(app)
        response = client.post(path, json=json)
>       assert response.status_code == 422
E       assert 400 == 422
E        +  where 400 = <Response [400 Bad Request]>.status_code

tests/test_request_params/test_body/test_list.py:242: AssertionError
_________ test_required_list_alias_by_name[/model-required-list-alias] _________
[gw2] darwin -- Python 3.11.15 /Users/aleksei.kniazev/playground/fastapi-test/fastapi/.venv/bin/python

path = '/model-required-list-alias'

    @pytest.mark.parametrize(
        "path",
        ["/required-list-alias", "/model-required-list-alias"],
    )
    def test_required_list_alias_by_name(path: str):
        client = TestClient(app)
        response = client.post(path, json={"p": ["hello", "world"]})
>       assert response.status_code == 422
E       assert 400 == 422
E        +  where 400 = <Response [400 Bad Request]>.status_code

tests/test_request_params/test_body/test_list.py:158: AssertionError
______ test_required_list_alias_missing[/model-required-list-alias-None] _______
[gw9] darwin -- Python 3.11.15 /Users/aleksei.kniazev/playground/fastapi-test/fastapi/.venv/bin/python

path = '/model-required-list-alias', json = None

    @pytest.mark.parametrize("json", [None, {}])
    @pytest.mark.parametrize(
        "path",
        ["/required-list-alias", "/model-required-list-alias"],
    )
    def test_required_list_alias_missing(path: str, json: dict | None):
        client = TestClient(app)
        response = client.post(path, json=json)
>       assert response.status_code == 422
E       assert 400 == 422
E        +  where 400 = <Response [400 Bad Request]>.status_code

tests/test_request_params/test_body/test_list.py:138: AssertionError
_________ test_required_list_alias_missing[/required-list-alias-None] __________
[gw8] darwin -- Python 3.11.15 /Users/aleksei.kniazev/playground/fastapi-test/fastapi/.venv/bin/python

path = '/required-list-alias', json = None

    @pytest.mark.parametrize("json", [None, {}])
    @pytest.mark.parametrize(
        "path",
        ["/required-list-alias", "/model-required-list-alias"],
    )
    def test_required_list_alias_missing(path: str, json: dict | None):
        client = TestClient(app)
        response = client.post(path, json=json)
>       assert response.status_code == 422
E       assert 400 == 422
E        +  where 400 = <Response [400 Bad Request]>.status_code

tests/test_request_params/test_body/test_list.py:138: AssertionError
____________ test_required_list_alias_by_name[/required-list-alias] ____________
[gw6] darwin -- Python 3.11.15 /Users/aleksei.kniazev/playground/fastapi-test/fastapi/.venv/bin/python

path = '/required-list-alias'

    @pytest.mark.parametrize(
        "path",
        ["/required-list-alias", "/model-required-list-alias"],
    )
    def test_required_list_alias_by_name(path: str):
        client = TestClient(app)
        response = client.post(path, json={"p": ["hello", "world"]})
>       assert response.status_code == 422
E       assert 400 == 422
E        +  where 400 = <Response [400 Bad Request]>.status_code

tests/test_request_params/test_body/test_list.py:158: AssertionError
_ test_required_list_validation_alias_missing[/required-list-validation-alias-None] _
[gw7] darwin -- Python 3.11.15 /Users/aleksei.kniazev/playground/fastapi-test/fastapi/.venv/bin/python

path = '/required-list-validation-alias', json = None

    @pytest.mark.parametrize("json", [None, {}])
    @pytest.mark.parametrize(
        "path",
        [
            "/required-list-validation-alias",
            "/model-required-list-validation-alias",
        ],
    )
    def test_required_list_validation_alias_missing(path: str, json: dict | None):
        client = TestClient(app)
        response = client.post(path, json=json)
>       assert response.status_code == 422
E       assert 400 == 422
E        +  where 400 = <Response [400 Bad Request]>.status_code

tests/test_request_params/test_body/test_list.py:242: AssertionError
_ test_required_list_validation_alias_by_name[/model-required-list-validation-alias] _
[gw2] darwin -- Python 3.11.15 /Users/aleksei.kniazev/playground/fastapi-test/fastapi/.venv/bin/python

path = '/model-required-list-validation-alias'

    @pytest.mark.parametrize(
        "path",
        [
            "/required-list-validation-alias",
            "/model-required-list-validation-alias",
        ],
    )
    def test_required_list_validation_alias_by_name(path: str):
        client = TestClient(app)
        response = client.post(path, json={"p": ["hello", "world"]})
>       assert response.status_code == 422, response.text
E       AssertionError: {"detail":[{"type":"missing","loc":["body","p_val_alias"],"msg":"Field required","input":{"p":["hello","world"]}}]}
E       assert 400 == 422
E        +  where 400 = <Response [400 Bad Request]>.status_code

tests/test_request_params/test_body/test_list.py:265: AssertionError
_ test_required_list_validation_alias_missing[/required-list-validation-alias-json1] _
[gw1] darwin -- Python 3.11.15 /Users/aleksei.kniazev/playground/fastapi-test/fastapi/.venv/bin/python

path = '/required-list-validation-alias', json = {}

    @pytest.mark.parametrize("json", [None, {}])
    @pytest.mark.parametrize(
        "path",
        [
            "/required-list-validation-alias",
            "/model-required-list-validation-alias",
        ],
    )
    def test_required_list_validation_alias_missing(path: str, json: dict | None):
        client = TestClient(app)
        response = client.post(path, json=json)
>       assert response.status_code == 422
E       assert 400 == 422
E        +  where 400 = <Response [400 Bad Request]>.status_code

tests/test_request_params/test_body/test_list.py:242: AssertionError
_ test_required_list_validation_alias_missing[/model-required-list-validation-alias-None] _
[gw9] darwin -- Python 3.11.15 /Users/aleksei.kniazev/playground/fastapi-test/fastapi/.venv/bin/python

path = '/model-required-list-validation-alias', json = None

    @pytest.mark.parametrize("json", [None, {}])
    @pytest.mark.parametrize(
        "path",
        [
            "/required-list-validation-alias",
            "/model-required-list-validation-alias",
        ],
    )
    def test_required_list_validation_alias_missing(path: str, json: dict | None):
        client = TestClient(app)
        response = client.post(path, json=json)
>       assert response.status_code == 422
E       assert 400 == 422
E        +  where 400 = <Response [400 Bad Request]>.status_code

tests/test_request_params/test_body/test_list.py:242: AssertionError
_ test_required_list_alias_and_validation_alias_missing[/model-required-list-alias-and-validation-alias-json1] _
[gw0] darwin -- Python 3.11.15 /Users/aleksei.kniazev/playground/fastapi-test/fastapi/.venv/bin/python

path = '/model-required-list-alias-and-validation-alias', json = {}

    @pytest.mark.parametrize("json", [None, {}])
    @pytest.mark.parametrize(
        "path",
        [
            "/required-list-alias-and-validation-alias",
            "/model-required-list-alias-and-validation-alias",
        ],
    )
    def test_required_list_alias_and_validation_alias_missing(path: str, json):
        client = TestClient(app)
        response = client.post(path, json=json)
>       assert response.status_code == 422
E       assert 400 == 422
E        +  where 400 = <Response [400 Bad Request]>.status_code

tests/test_request_params/test_body/test_list.py:359: AssertionError
_ test_required_list_validation_alias_by_name[/required-list-validation-alias] _
[gw8] darwin -- Python 3.11.15 /Users/aleksei.kniazev/playground/fastapi-test/fastapi/.venv/bin/python

path = '/required-list-validation-alias'

    @pytest.mark.parametrize(
        "path",
        [
            "/required-list-validation-alias",
            "/model-required-list-validation-alias",
        ],
    )
    def test_required_list_validation_alias_by_name(path: str):
        client = TestClient(app)
        response = client.post(path, json={"p": ["hello", "world"]})
>       assert response.status_code == 422, response.text
E       AssertionError: {"detail":[{"type":"missing","loc":["body","p_val_alias"],"msg":"Field required","input":null}]}
E       assert 400 == 422
E        +  where 400 = <Response [400 Bad Request]>.status_code

tests/test_request_params/test_body/test_list.py:265: AssertionError
_ test_required_list_alias_and_validation_alias_missing[/model-required-list-alias-and-validation-alias-None] _
[gw4] darwin -- Python 3.11.15 /Users/aleksei.kniazev/playground/fastapi-test/fastapi/.venv/bin/python

path = '/model-required-list-alias-and-validation-alias', json = None

    @pytest.mark.parametrize("json", [None, {}])
    @pytest.mark.parametrize(
        "path",
        [
            "/required-list-alias-and-validation-alias",
            "/model-required-list-alias-and-validation-alias",
        ],
    )
    def test_required_list_alias_and_validation_alias_missing(path: str, json):
        client = TestClient(app)
        response = client.post(path, json=json)
>       assert response.status_code == 422
E       assert 400 == 422
E        +  where 400 = <Response [400 Bad Request]>.status_code

tests/test_request_params/test_body/test_list.py:359: AssertionError
_ test_required_list_alias_and_validation_alias_by_alias[/required-list-alias-and-validation-alias] _
[gw2] darwin -- Python 3.11.15 /Users/aleksei.kniazev/playground/fastapi-test/fastapi/.venv/bin/python

path = '/required-list-alias-and-validation-alias'

    @pytest.mark.parametrize(
        "path",
        [
            "/required-list-alias-and-validation-alias",
            "/model-required-list-alias-and-validation-alias",
        ],
    )
    def test_required_list_alias_and_validation_alias_by_alias(path: str):
        client = TestClient(app)
        response = client.post(path, json={"p_alias": ["hello", "world"]})
>       assert response.status_code == 422, response.text
E       AssertionError: {"detail":[{"type":"missing","loc":["body","p_val_alias"],"msg":"Field required","input":null}]}
E       assert 400 == 422
E        +  where 400 = <Response [400 Bad Request]>.status_code

tests/test_request_params/test_body/test_list.py:408: AssertionError
_ test_required_list_alias_and_validation_alias_missing[/required-list-alias-and-validation-alias-json1] _
[gw7] darwin -- Python 3.11.15 /Users/aleksei.kniazev/playground/fastapi-test/fastapi/.venv/bin/python

path = '/required-list-alias-and-validation-alias', json = {}

    @pytest.mark.parametrize("json", [None, {}])
    @pytest.mark.parametrize(
        "path",
        [
            "/required-list-alias-and-validation-alias",
            "/model-required-list-alias-and-validation-alias",
        ],
    )
    def test_required_list_alias_and_validation_alias_missing(path: str, json):
        client = TestClient(app)
        response = client.post(path, json=json)
>       assert response.status_code == 422
E       assert 400 == 422
E        +  where 400 = <Response [400 Bad Request]>.status_code

tests/test_request_params/test_body/test_list.py:359: AssertionError
_ test_required_list_alias_and_validation_alias_missing[/required-list-alias-and-validation-alias-None] _
[gw1] darwin -- Python 3.11.15 /Users/aleksei.kniazev/playground/fastapi-test/fastapi/.venv/bin/python

path = '/required-list-alias-and-validation-alias', json = None

    @pytest.mark.parametrize("json", [None, {}])
    @pytest.mark.parametrize(
        "path",
        [
            "/required-list-alias-and-validation-alias",
            "/model-required-list-alias-and-validation-alias",
        ],
    )
    def test_required_list_alias_and_validation_alias_missing(path: str, json):
        client = TestClient(app)
        response = client.post(path, json=json)
>       assert response.status_code == 422
E       assert 400 == 422
E        +  where 400 = <Response [400 Bad Request]>.status_code

tests/test_request_params/test_body/test_list.py:359: AssertionError
_ test_required_list_alias_and_validation_alias_by_name[/model-required-list-alias-and-validation-alias] _
[gw9] darwin -- Python 3.11.15 /Users/aleksei.kniazev/playground/fastapi-test/fastapi/.venv/bin/python

path = '/model-required-list-alias-and-validation-alias'

    @pytest.mark.parametrize(
        "path",
        [
            "/required-list-alias-and-validation-alias",
            "/model-required-list-alias-and-validation-alias",
        ],
    )
    def test_required_list_alias_and_validation_alias_by_name(path: str):
        client = TestClient(app)
        response = client.post(path, json={"p": ["hello", "world"]})
>       assert response.status_code == 422
E       assert 400 == 422
E        +  where 400 = <Response [400 Bad Request]>.status_code

tests/test_request_params/test_body/test_list.py:382: AssertionError
_____________________ test_model_optional_list_str_missing _____________________
[gw2] darwin -- Python 3.11.15 /Users/aleksei.kniazev/playground/fastapi-test/fastapi/.venv/bin/python

    def test_model_optional_list_str_missing():
        client = TestClient(app)
        response = client.post("/model-optional-list-str")
>       assert response.status_code == 422, response.text
E       AssertionError: {"detail":[{"type":"missing","loc":["body"],"msg":"Field required","input":null}]}
E       assert 400 == 422
E        +  where 400 = <Response [400 Bad Request]>.status_code

tests/test_request_params/test_body/test_optional_list.py:65: AssertionError
_ test_required_list_alias_and_validation_alias_by_alias[/model-required-list-alias-and-validation-alias] _
[gw8] darwin -- Python 3.11.15 /Users/aleksei.kniazev/playground/fastapi-test/fastapi/.venv/bin/python

path = '/model-required-list-alias-and-validation-alias'

    @pytest.mark.parametrize(
        "path",
        [
            "/required-list-alias-and-validation-alias",
            "/model-required-list-alias-and-validation-alias",
        ],
    )
    def test_required_list_alias_and_validation_alias_by_alias(path: str):
        client = TestClient(app)
        response = client.post(path, json={"p_alias": ["hello", "world"]})
>       assert response.status_code == 422, response.text
E       AssertionError: {"detail":[{"type":"missing","loc":["body","p_val_alias"],"msg":"Field required","input":{"p_alias":["hello","world"]}}]}
E       assert 400 == 422
E        +  where 400 = <Response [400 Bad Request]>.status_code

tests/test_request_params/test_body/test_list.py:408: AssertionError
____________________ test_model_optional_list_alias_missing ____________________
[gw2] darwin -- Python 3.11.15 /Users/aleksei.kniazev/playground/fastapi-test/fastapi/.venv/bin/python

    def test_model_optional_list_alias_missing():
        client = TestClient(app)
        response = client.post("/model-optional-list-alias")
>       assert response.status_code == 422, response.text
E       AssertionError: {"detail":[{"type":"missing","loc":["body"],"msg":"Field required","input":null}]}
E       assert 400 == 422
E        +  where 400 = <Response [400 Bad Request]>.status_code

tests/test_request_params/test_body/test_optional_list.py:156: AssertionError
______________ test_model_optional_list_validation_alias_missing _______________
[gw4] darwin -- Python 3.11.15 /Users/aleksei.kniazev/playground/fastapi-test/fastapi/.venv/bin/python

    def test_model_optional_list_validation_alias_missing():
        client = TestClient(app)
        response = client.post("/model-optional-list-validation-alias")
>       assert response.status_code == 422, response.text
E       AssertionError: {"detail":[{"type":"missing","loc":["body"],"msg":"Field required","input":null}]}
E       assert 400 == 422
E        +  where 400 = <Response [400 Bad Request]>.status_code

tests/test_request_params/test_body/test_optional_list.py:264: AssertionError
_________ test_model_optional_list_alias_and_validation_alias_missing __________
[gw2] darwin -- Python 3.11.15 /Users/aleksei.kniazev/playground/fastapi-test/fastapi/.venv/bin/python

    def test_model_optional_list_alias_and_validation_alias_missing():
        client = TestClient(app)
        response = client.post("/model-optional-list-alias-and-validation-alias")
>       assert response.status_code == 422, response.text
E       AssertionError: {"detail":[{"type":"missing","loc":["body"],"msg":"Field required","input":null}]}
E       assert 400 == 422
E        +  where 400 = <Response [400 Bad Request]>.status_code

tests/test_request_params/test_body/test_optional_list.py:383: AssertionError
______________________ test_model_optional_alias_missing _______________________
[gw2] darwin -- Python 3.11.15 /Users/aleksei.kniazev/playground/fastapi-test/fastapi/.venv/bin/python

    def test_model_optional_alias_missing():
        client = TestClient(app)
        response = client.post("/model-optional-alias")
>       assert response.status_code == 422, response.text
E       AssertionError: {"detail":[{"type":"missing","loc":["body"],"msg":"Field required","input":null}]}
E       assert 400 == 422
E        +  where 400 = <Response [400 Bad Request]>.status_code

tests/test_request_params/test_body/test_optional_str.py:148: AssertionError
_______________________ test_model_optional_str_missing ________________________
[gw7] darwin -- Python 3.11.15 /Users/aleksei.kniazev/playground/fastapi-test/fastapi/.venv/bin/python

    def test_model_optional_str_missing():
        client = TestClient(app)
        response = client.post("/model-optional-str")
>       assert response.status_code == 422, response.text
E       AssertionError: {"detail":[{"type":"missing","loc":["body"],"msg":"Field required","input":null}]}
E       assert 400 == 422
E        +  where 400 = <Response [400 Bad Request]>.status_code

tests/test_request_params/test_body/test_optional_str.py:60: AssertionError
_________________ test_model_optional_validation_alias_missing _________________
[gw0] darwin -- Python 3.11.15 /Users/aleksei.kniazev/playground/fastapi-test/fastapi/.venv/bin/python

    def test_model_optional_validation_alias_missing():
        client = TestClient(app)
        response = client.post("/model-optional-validation-alias")
>       assert response.status_code == 422, response.text
E       AssertionError: {"detail":[{"type":"missing","loc":["body"],"msg":"Field required","input":null}]}
E       assert 400 == 422
E        +  where 400 = <Response [400 Bad Request]>.status_code

tests/test_request_params/test_body/test_optional_str.py:248: AssertionError
____________ test_model_optional_alias_and_validation_alias_missing ____________
[gw6] darwin -- Python 3.11.15 /Users/aleksei.kniazev/playground/fastapi-test/fastapi/.venv/bin/python

    def test_model_optional_alias_and_validation_alias_missing():
        client = TestClient(app)
        response = client.post("/model-optional-alias-and-validation-alias")
>       assert response.status_code == 422, response.text
[...]
FAILED tests/test_request_params/test_file/test_list.py::test_list_missing[/list-bytes]
FAILED tests/test_request_params/test_file/test_list.py::test_list_alias_by_name[/list-uploadfile-alias]
FAILED tests/test_request_params/test_file/test_list.py::test_list_alias_missing[/list-bytes-alias]
FAILED tests/test_request_params/test_file/test_list.py::test_list_missing[/list-uploadfile]
FAILED tests/test_request_params/test_file/test_list.py::test_list_alias_by_name[/list-bytes-alias]
FAILED tests/test_request_params/test_file/test_list.py::test_list_alias_missing[/list-uploadfile-alias]
FAILED tests/test_request_params/test_file/test_list.py::test_list_validation_alias_missing[/list-uploadfile-validation-alias]
FAILED tests/test_request_params/test_file/test_list.py::test_list_validation_alias_by_name[/list-bytes-validation-alias]
FAILED tests/test_request_params/test_file/test_list.py::test_list_validation_alias_by_name[/list-uploadfile-validation-alias]
FAILED tests/test_request_params/test_file/test_list.py::test_list_validation_alias_missing[/list-bytes-validation-alias]
FAILED tests/test_request_params/test_file/test_list.py::test_list_alias_and_validation_alias_by_name[/list-bytes-alias-and-validation-alias]
FAILED tests/test_request_params/test_file/test_list.py::test_list_alias_and_validation_alias_by_name[/list-uploadfile-alias-and-validation-alias]
FAILED tests/test_request_params/test_file/test_list.py::test_list_alias_and_validation_alias_missing[/list-bytes-alias-and-validation-alias]
FAILED tests/test_request_params/test_file/test_list.py::test_list_alias_and_validation_alias_by_alias[/list-uploadfile-alias-and-validation-alias]
FAILED tests/test_request_params/test_file/test_list.py::test_list_alias_and_validation_alias_by_alias[/list-bytes-alias-and-validation-alias]
FAILED tests/test_request_params/test_file/test_list.py::test_list_alias_and_validation_alias_missing[/list-uploadfile-alias-and-validation-alias]
FAILED tests/test_request_params/test_file/test_required.py::test_required_missing[/required-bytes]
FAILED tests/test_request_params/test_file/test_required.py::test_required_missing[/required-uploadfile]
FAILED tests/test_request_params/test_file/test_required.py::test_required_alias_missing[/required-bytes-alias]
FAILED tests/test_request_params/test_file/test_required.py::test_required_alias_by_name[/required-bytes-alias]
FAILED tests/test_request_params/test_file/test_required.py::test_required_alias_missing[/required-uploadfile-alias]
FAILED tests/test_request_params/test_file/test_required.py::test_required_alias_by_name[/required-uploadfile-alias]
FAILED tests/test_request_params/test_file/test_required.py::test_required_alias_and_validation_alias_by_name[/required-bytes-alias-and-validation-alias]
FAILED tests/test_request_params/test_file/test_required.py::test_required_alias_and_validation_alias_missing[/required-uploadfile-alias-and-validation-alias]
FAILED tests/test_request_params/test_file/test_required.py::test_required_validation_alias_missing[/required-uploadfile-validation-alias]
FAILED tests/test_request_params/test_file/test_required.py::test_required_validation_alias_by_name[/required-uploadfile-validation-alias]
FAILED tests/test_request_params/test_file/test_required.py::test_required_alias_and_validation_alias_by_alias[/required-bytes-alias-and-validation-alias]
FAILED tests/test_request_params/test_file/test_required.py::test_required_validation_alias_by_name[/required-bytes-validation-alias]
FAILED tests/test_request_params/test_file/test_required.py::test_required_alias_and_validation_alias_missing[/required-bytes-alias-and-validation-alias]
FAILED tests/test_request_params/test_file/test_required.py::test_required_validation_alias_missing[/required-bytes-validation-alias]
FAILED tests/test_request_params/test_form/test_list.py::test_required_list_str_missing[/model-required-list-str]
FAILED tests/test_request_params/test_file/test_required.py::test_required_alias_and_validation_alias_by_alias[/required-uploadfile-alias-and-validation-alias]
FAILED tests/test_request_params/test_form/test_list.py::test_required_list_str_missing[/required-list-str]
FAILED tests/test_request_params/test_file/test_required.py::test_required_alias_and_validation_alias_by_name[/required-uploadfile-alias-and-validation-alias]
FAILED tests/test_request_params/test_form/test_list.py::test_required_list_alias_by_name[/required-list-alias]
FAILED tests/test_request_params/test_form/test_list.py::test_required_list_alias_missing[/model-required-list-alias]
FAILED tests/test_request_params/test_form/test_list.py::test_required_list_alias_missing[/required-list-alias]
FAILED tests/test_request_params/test_form/test_list.py::test_required_list_alias_by_name[/model-required-list-alias]
FAILED tests/test_request_params/test_form/test_list.py::test_required_list_validation_alias_missing[/required-list-validation-alias]
FAILED tests/test_request_params/test_form/test_list.py::test_required_list_validation_alias_by_name[/required-list-validation-alias]
FAILED tests/test_request_params/test_form/test_list.py::test_required_list_validation_alias_missing[/model-required-list-validation-alias]
FAILED tests/test_request_params/test_form/test_list.py::test_required_list_alias_and_validation_alias_missing[/model-required-list-alias-and-validation-alias]
FAILED tests/test_request_params/test_form/test_list.py::test_required_list_alias_and_validation_alias_missing[/required-list-alias-and-validation-alias]
FAILED tests/test_request_params/test_form/test_list.py::test_required_list_alias_and_validation_alias_by_alias[/required-list-alias-and-validation-alias]
FAILED tests/test_request_params/test_form/test_list.py::test_required_list_validation_alias_by_name[/model-required-list-validation-alias]
FAILED tests/test_request_params/test_form/test_list.py::test_required_list_alias_and_validation_alias_by_name[/model-required-list-alias-and-validation-alias]
FAILED tests/test_request_params/test_form/test_list.py::test_required_list_alias_and_validation_alias_by_name[/required-list-alias-and-validation-alias]
FAILED tests/test_request_params/test_form/test_list.py::test_required_list_alias_and_validation_alias_by_alias[/model-required-list-alias-and-validation-alias]
FAILED tests/test_request_params/test_form/test_required_str.py::test_required_str_missing[/required-str]
FAILED tests/test_request_params/test_form/test_required_str.py::test_required_str_missing[/model-required-str]
FAILED tests/test_request_params/test_form/test_required_str.py::test_required_alias_by_name[/model-required-alias]
FAILED tests/test_request_params/test_form/test_required_str.py::test_required_alias_missing[/model-required-alias]
FAILED tests/test_request_params/test_form/test_required_str.py::test_required_alias_by_name[/required-alias]
FAILED tests/test_request_params/test_form/test_required_str.py::test_required_alias_missing[/required-alias]
FAILED tests/test_request_params/test_form/test_required_str.py::test_required_validation_alias_by_name[/required-validation-alias]
FAILED tests/test_request_params/test_form/test_required_str.py::test_required_validation_alias_by_name[/model-required-validation-alias]
FAILED tests/test_request_params/test_form/test_required_str.py::test_required_validation_alias_missing[/model-required-validation-alias]
FAILED tests/test_request_params/test_form/test_required_str.py::test_required_validation_alias_missing[/required-validation-alias]
FAILED tests/test_request_params/test_form/test_required_str.py::test_required_alias_and_validation_alias_missing[/required-alias-and-validation-alias]
FAILED tests/test_request_params/test_form/test_required_str.py::test_required_alias_and_validation_alias_by_name[/required-alias-and-validation-alias]
FAILED tests/test_request_params/test_form/test_required_str.py::test_required_alias_and_validation_alias_by_alias[/required-alias-and-validation-alias]
FAILED tests/test_request_params/test_form/test_required_str.py::test_required_alias_and_validation_alias_by_alias[/model-required-alias-and-validation-alias]
FAILED tests/test_request_params/test_form/test_required_str.py::test_required_alias_and_validation_alias_by_name[/model-required-alias-and-validation-alias]
FAILED tests/test_request_params/test_header/test_list.py::test_required_list_str_missing[/required-list-str]
FAILED tests/test_request_params/test_form/test_required_str.py::test_required_alias_and_validation_alias_missing[/model-required-alias-and-validation-alias]
FAILED tests/test_request_params/test_header/test_list.py::test_required_list_str_missing[/model-required-list-str]
FAILED tests/test_request_params/test_header/test_list.py::test_required_list_alias_by_name[/required-list-alias]
FAILED tests/test_request_params/test_header/test_list.py::test_required_list_alias_by_name[/model-required-list-alias]
FAILED tests/test_request_params/test_header/test_list.py::test_required_list_alias_missing[/required-list-alias]
FAILED tests/test_request_params/test_header/test_list.py::test_required_list_alias_missing[/model-required-list-alias]
FAILED tests/test_request_params/test_header/test_list.py::test_required_list_validation_alias_missing[/required-list-validation-alias]
FAILED tests/test_request_params/test_header/test_list.py::test_required_list_alias_and_validation_alias_by_name[/required-list-alias-and-validation-alias]
FAILED tests/test_request_params/test_header/test_list.py::test_required_list_alias_and_validation_alias_missing[/model-required-list-alias-and-validation-alias]
FAILED tests/test_request_params/test_header/test_list.py::test_required_list_alias_and_validation_alias_by_alias[/required-list-alias-and-validation-alias]
FAILED tests/test_request_params/test_header/test_list.py::test_required_list_validation_alias_by_name[/model-required-list-validation-alias]
FAILED tests/test_request_params/test_header/test_list.py::test_required_list_alias_and_validation_alias_missing[/required-list-alias-and-validation-alias]
FAILED tests/test_request_params/test_header/test_list.py::test_required_list_alias_and_validation_alias_by_alias[/model-required-list-alias-and-validation-alias]
FAILED tests/test_request_params/test_header/test_list.py::test_required_list_validation_alias_by_name[/required-list-validation-alias]
FAILED tests/test_request_params/test_header/test_list.py::test_required_list_validation_alias_missing[/model-required-list-validation-alias]
FAILED tests/test_request_params/test_header/test_list.py::test_required_list_alias_and_validation_alias_by_name[/model-required-list-alias-and-validation-alias]
FAILED tests/test_request_params/test_header/test_required_str.py::test_required_str_missing[/required-str]
FAILED tests/test_request_params/test_header/test_required_str.py::test_required_str_missing[/model-required-str]
FAILED tests/test_request_params/test_header/test_required_str.py::test_required_alias_by_name[/model-required-alias]
FAILED tests/test_request_params/test_header/test_required_str.py::test_required_alias_missing[/model-required-alias]
FAILED tests/test_request_params/test_header/test_required_str.py::test_required_alias_by_name[/required-alias]
FAILED tests/test_request_params/test_header/test_required_str.py::test_required_validation_alias_by_name[/required-validation-alias]
FAILED tests/test_request_params/test_header/test_required_str.py::test_required_alias_missing[/required-alias]
FAILED tests/test_request_params/test_header/test_required_str.py::test_required_validation_alias_missing[/required-validation-alias]
FAILED tests/test_request_params/test_header/test_required_str.py::test_required_alias_and_validation_alias_by_name[/required-alias-and-validation-alias]
FAILED tests/test_request_params/test_header/test_required_str.py::test_required_validation_alias_by_name[/model-required-validation-alias]
FAILED tests/test_request_params/test_header/test_required_str.py::test_required_alias_and_validation_alias_missing[/required-alias-and-validation-alias]
FAILED tests/test_request_params/test_header/test_required_str.py::test_required_alias_and_validation_alias_by_name[/model-required-alias-and-validation-alias]
FAILED tests/test_request_params/test_header/test_required_str.py::test_required_alias_and_validation_alias_missing[/model-required-alias-and-validation-alias]
FAILED tests/test_request_params/test_header/test_required_str.py::test_required_validation_alias_missing[/model-required-validation-alias]
FAILED tests/test_request_params/test_header/test_required_str.py::test_required_alias_and_validation_alias_by_alias[/model-required-alias-and-validation-alias]
FAILED tests/test_request_params/test_header/test_required_str.py::test_required_alias_and_validation_alias_by_alias[/required-alias-and-validation-alias]
FAILED tests/test_request_params/test_query/test_list.py::test_required_list_str_missing[/required-list-str]
FAILED tests/test_request_params/test_query/test_list.py::test_required_list_alias_by_name[/model-required-list-alias]
FAILED tests/test_request_params/test_query/test_list.py::test_required_list_alias_missing[/model-required-list-alias]
FAILED tests/test_request_params/test_query/test_list.py::test_required_list_alias_missing[/required-list-alias]
FAILED tests/test_request_params/test_query/test_list.py::test_required_list_alias_by_name[/required-list-alias]
FAILED tests/test_request_params/test_query/test_list.py::test_required_list_validation_alias_missing[/model-required-list-validation-alias]
FAILED tests/test_request_params/test_query/test_list.py::test_required_list_validation_alias_by_name[/required-list-validation-alias]
FAILED tests/test_request_params/test_query/test_list.py::test_required_list_validation_alias_by_name[/model-required-list-validation-alias]
FAILED tests/test_request_params/test_query/test_list.py::test_required_list_alias_and_validation_alias_missing[/model-required-list-alias-and-validation-alias]
FAILED tests/test_request_params/test_query/test_list.py::test_required_list_alias_and_validation_alias_by_name[/model-required-list-alias-and-validation-alias]
FAILED tests/test_request_params/test_query/test_list.py::test_required_list_alias_and_validation_alias_by_name[/required-list-alias-and-validation-alias]
FAILED tests/test_request_params/test_query/test_list.py::test_required_list_alias_and_validation_alias_by_alias[/required-list-alias-and-validation-alias]
FAILED tests/test_request_params/test_query/test_list.py::test_required_list_alias_and_validation_alias_by_alias[/model-required-list-alias-and-validation-alias]
FAILED tests/test_request_params/test_query/test_list.py::test_required_list_validation_alias_missing[/required-list-validation-alias]
FAILED tests/test_request_params/test_query/test_list.py::test_required_list_str_missing[/model-required-list-str]
FAILED tests/test_request_params/test_query/test_list.py::test_required_list_alias_and_validation_alias_missing[/required-list-alias-and-validation-alias]
FAILED tests/test_request_params/test_query/test_required_str.py::test_required_str_missing[/model-required-str]
FAILED tests/test_request_params/test_query/test_required_str.py::test_required_str_missing[/required-str]
FAILED tests/test_request_params/test_query/test_required_str.py::test_required_alias_missing[/model-required-alias]
FAILED tests/test_request_params/test_query/test_required_str.py::test_required_alias_missing[/required-alias]
FAILED tests/test_request_params/test_query/test_required_str.py::test_required_validation_alias_missing[/model-required-validation-alias]
FAILED tests/test_request_params/test_query/test_required_str.py::test_required_alias_by_name[/model-required-alias]
FAILED tests/test_request_params/test_query/test_required_str.py::test_required_alias_by_name[/required-alias]
FAILED tests/test_request_params/test_query/test_required_str.py::test_required_validation_alias_by_name[/model-required-validation-alias]
FAILED tests/test_request_params/test_query/test_required_str.py::test_required_alias_and_validation_alias_missing[/required-alias-and-validation-alias]
FAILED tests/test_request_params/test_query/test_required_str.py::test_required_validation_alias_missing[/required-validation-alias]
FAILED tests/test_request_params/test_query/test_required_str.py::test_required_validation_alias_by_name[/required-validation-alias]
FAILED tests/test_request_params/test_query/test_required_str.py::test_required_alias_and_validation_alias_missing[/model-required-alias-and-validation-alias]
FAILED tests/test_request_params/test_query/test_required_str.py::test_required_alias_and_validation_alias_by_name[/model-required-alias-and-validation-alias]
FAILED tests/test_request_params/test_query/test_required_str.py::test_required_alias_and_validation_alias_by_alias[/required-alias-and-validation-alias]
FAILED tests/test_request_params/test_query/test_required_str.py::test_required_alias_and_validation_alias_by_alias[/model-required-alias-and-validation-alias]
FAILED tests/test_required_noneable.py::test_required_nonable_query_invalid
FAILED tests/test_required_noneable.py::test_required_nonable_explicit_query_invalid
FAILED tests/test_request_params/test_query/test_required_str.py::test_required_alias_and_validation_alias_by_name[/required-alias-and-validation-alias]
FAILED tests/test_required_noneable.py::test_required_nonable_body_embed_no_content
FAILED tests/test_required_noneable.py::test_required_nonable_body_embed_invalid
FAILED tests/test_security_oauth2.py::test_strict_login_no_data - assert 400 ...
FAILED tests/test_security_oauth2.py::test_strict_login_no_grant_type - asser...
FAILED tests/test_security_oauth2.py::test_strict_login_incorrect_grant_type[incorrect value]
FAILED tests/test_security_oauth2.py::test_strict_login_incorrect_grant_type[password with suffix]
FAILED tests/test_security_oauth2_optional.py::test_strict_login_no_grant_type
FAILED tests/test_security_oauth2_optional.py::test_strict_login_no_data - as...
FAILED tests/test_security_oauth2_optional_description.py::test_strict_login_None
FAILED tests/test_security_oauth2_optional.py::test_strict_login_incorrect_grant_type[password with prefix]
FAILED tests/test_security_oauth2_optional.py::test_strict_login_incorrect_grant_type[password with suffix]
FAILED tests/test_security_oauth2_optional.py::test_strict_login_incorrect_grant_type[incorrect value]
FAILED tests/test_security_oauth2_optional_description.py::test_strict_login_incorrect_grant_type[incorrect value]
FAILED tests/test_security_oauth2_optional_description.py::test_strict_login_no_grant_type
FAILED tests/test_security_oauth2_optional_description.py::test_strict_login_incorrect_grant_type[password with suffix]
FAILED tests/test_security_oauth2_optional_description.py::test_strict_login_incorrect_grant_type[password with prefix]
FAILED tests/test_security_oauth2.py::test_strict_login_incorrect_grant_type[password with prefix]
FAILED tests/test_strict_content_type_app_level.py::test_default_strict_rejects_no_content_type
FAILED tests/test_strict_content_type_nested.py::test_strict_inner_on_lax_app_rejects_no_content_type
FAILED tests/test_strict_content_type_nested.py::test_strict_inner_on_lax_outer_rejects_no_content_type
FAILED tests/test_strict_content_type_router_level.py::test_default_router_inherits_strict_from_app
FAILED tests/test_strict_content_type_router_level.py::test_strict_router_on_strict_app_rejects_no_content_type
FAILED tests/test_tuples.py::test_model_with_tuple_invalid - AssertionError: ...
FAILED tests/test_tuples.py::test_tuple_with_model_invalid - AssertionError: ...
FAILED tests/test_tuples.py::test_tuple_form_invalid - AssertionError: {"deta...
FAILED tests/test_union_forms.py::test_empty_form - AssertionError: {"detail"...
FAILED tests/test_union_forms.py::test_invalid_form_data - AssertionError: {"...
================= 316 failed, 1550 passed, 2 skipped in 11.04s =================
